[debug] [2025-07-28T16:31:39.673Z] ----------------------------------------------------------------------
[debug] [2025-07-28T16:31:39.680Z] Command:       C:\Program Files\nodejs\node.exe C:\Users\pc samir\AppData\Roaming\npm\node_modules\firebase-tools\lib\bin\firebase.js projects:list
[debug] [2025-07-28T16:31:39.681Z] CLI Version:   14.10.1
[debug] [2025-07-28T16:31:39.681Z] Platform:      win32
[debug] [2025-07-28T16:31:39.682Z] Node Version:  v22.17.0
[debug] [2025-07-28T16:31:39.682Z] Time:          Mon Jul 28 2025 17:31:39 GMT+0100 (GMT+01:00)
[debug] [2025-07-28T16:31:39.682Z] ----------------------------------------------------------------------
[debug] 
[debug] [2025-07-28T16:31:39.695Z] > command requires scopes: ["email","openid","https://www.googleapis.com/auth/cloudplatformprojects.readonly","https://www.googleapis.com/auth/firebase","https://www.googleapis.com/auth/cloud-platform"]
[debug] [2025-07-28T16:31:39.696Z] > authorizing via signed-in user (souhajomaa1412@gmail.com)
[debug] [2025-07-28T16:31:39.708Z] Checked if tokens are valid: false, expires at: 1711023213706
[debug] [2025-07-28T16:31:39.708Z] Checked if tokens are valid: false, expires at: 1711023213706
[debug] [2025-07-28T16:31:39.710Z] > refreshing access token with scopes: []
[debug] [2025-07-28T16:31:39.714Z] >>> [apiv2][query] POST https://www.googleapis.com/oauth2/v3/token [none]
[debug] [2025-07-28T16:31:39.714Z] >>> [apiv2][body] POST https://www.googleapis.com/oauth2/v3/token [omitted]
[debug] [2025-07-28T16:31:40.181Z] <<< [apiv2][status] POST https://www.googleapis.com/oauth2/v3/token 400
[debug] [2025-07-28T16:31:40.181Z] <<< [apiv2][body] POST https://www.googleapis.com/oauth2/v3/token [omitted]
[debug] [2025-07-28T16:31:40.182Z] >>> [apiv2][query] GET https://firebase.googleapis.com/v1beta1/projects pageSize=1000
[debug] [2025-07-28T16:31:40.508Z] <<< [apiv2][status] GET https://firebase.googleapis.com/v1beta1/projects 401
[debug] [2025-07-28T16:31:40.509Z] <<< [apiv2][body] GET https://firebase.googleapis.com/v1beta1/projects [omitted]
[debug] [2025-07-28T16:31:40.509Z] Got a 401 Unauthenticated error for a call that required authentication. Refreshing tokens.
[debug] [2025-07-28T16:31:40.509Z] Checked if tokens are valid: false, expires at: 1711023213706
[debug] [2025-07-28T16:31:40.509Z] Checked if tokens are valid: false, expires at: 1711023213706
[debug] [2025-07-28T16:31:40.509Z] > refreshing access token with scopes: []
[debug] [2025-07-28T16:31:40.510Z] >>> [apiv2][query] POST https://www.googleapis.com/oauth2/v3/token [none]
[debug] [2025-07-28T16:31:40.510Z] >>> [apiv2][body] POST https://www.googleapis.com/oauth2/v3/token [omitted]
[debug] [2025-07-28T16:31:40.647Z] <<< [apiv2][status] POST https://www.googleapis.com/oauth2/v3/token 400
[debug] [2025-07-28T16:31:40.647Z] <<< [apiv2][body] POST https://www.googleapis.com/oauth2/v3/token [omitted]
[debug] [2025-07-28T16:31:40.650Z] Request to https://firebase.googleapis.com/v1beta1/projects?pageSize=1000 had HTTP Error: 401, Request had invalid authentication credentials. Expected OAuth 2 access token, login cookie or other valid authentication credential. See https://developers.google.com/identity/sign-in/web/devconsole-project.
[debug] [2025-07-28T16:31:40.938Z] FirebaseError: Request to https://firebase.googleapis.com/v1beta1/projects?pageSize=1000 had HTTP Error: 401, Request had invalid authentication credentials. Expected OAuth 2 access token, login cookie or other valid authentication credential. See https://developers.google.com/identity/sign-in/web/devconsole-project.
    at responseToError (C:\Users\pc samir\AppData\Roaming\npm\node_modules\firebase-tools\lib\responseToError.js:52:12)
    at RetryOperation._fn (C:\Users\pc samir\AppData\Roaming\npm\node_modules\firebase-tools\lib\apiv2.js:312:77)
    at process.processTicksAndRejections (node:internal/process/task_queues:105:5)
[error] 
[error] Error: Failed to list Firebase projects. See firebase-debug.log for more info.
